<?xml version="1.0" encoding="UTF-8"?>
<testsuite xmlns:xsi="http://www.w3.org/2001/XMLSchema-instance" xsi:noNamespaceSchemaLocation="https://maven.apache.org/surefire/maven-surefire-plugin/xsd/surefire-test-report.xsd" version="3.0.2" name="com.ava.digitaldeck.TurnActionPolicyTest" time="0.606" tests="30" errors="0" skipped="0" failures="0" flakes="0">
  <properties>
[...]
</properties>
  <testcase name="permitDraw(GameMode, DiscardMode, boolean, boolean, boolean, String)[1]" classname="com.ava.digitaldeck.TurnActionPolicyTest" time="0.519">
    <system-err><![CDATA[Mockito is currently self-attaching to enable the inline-mock-maker. This will no longer work in future releases of the JDK. Please add Mockito as an agent to your build as described in Mockito's documentation: https://javadoc.io/doc/org.mockito/mockito-core/latest/org.mockito/org/mockito/Mockito.html#0.3
WARNING: A Java agent has been loaded dynamically (/Users/avadennis/.m2/repository/net/bytebuddy/byte-buddy-agent/1.18.10/byte-buddy-agent-1.18.10.jar)
WARNING: If a serviceability tool is in use, please run with -XX:+EnableDynamicAgentLoading to hide this warning
WARNING: If a serviceability tool is not in use, please run with -Djdk.instrument.traceUsage for more information
WARNING: Dynamic loading of agents will be disallowed by default in a future release
]]></system-err>
  </testcase>
  <testcase name="permitDraw(GameMode, DiscardMode, boolean, boolean, boolean, String)[2]" classname="com.ava.digitaldeck.TurnActionPolicyTest" time="0.004"/>
  <testcase name="permitDraw(GameMode, DiscardMode, boolean, boolean, boolean, String)[3]" classname="com.ava.digitaldeck.TurnActionPolicyTest" time="0.003"/>
  <testcase name="permitDraw(GameMode, DiscardMode, boolean, boolean, boolean, String)[4]" classname="com.ava.digitaldeck.TurnActionPolicyTest" time="0.002"/>
  <testcase name="permitDraw(GameMode, DiscardMode, boolean, boolean, boolean, String)[5]" classname="com.ava.digitaldeck.TurnActionPolicyTest" time="0.002"/>
  <testcase name="permitDraw(GameMode, DiscardMode, boolean, boolean, boolean, String)[6]" classname="com.ava.digitaldeck.TurnActionPolicyTest" time="0.001"/>
  <testcase name="permitDraw(GameMode, DiscardMode, boolean, boolean, boolean, String)[7]" classname="com.ava.digitaldeck.TurnActionPolicyTest" time="0.001"/>
  <testcase name="permitDraw(GameMode, DiscardMode, boolean, boolean, boolean, String)[8]" classname="com.ava.digitaldeck.TurnActionPolicyTest" time="0.001"/>
  <testcase name="permitDraw(GameMode, DiscardMode, boolean, boolean, boolean, String)[9]" classname="com.ava.digitaldeck.TurnActionPolicyTest" time="0.001"/>
  <testcase name="permitDraw(GameMode, DiscardMode, boolean, boolean, boolean, String)[10]" classname="com.ava.digitaldeck.TurnActionPolicyTest" time="0.001"/>
  <testcase name="permitDraw(GameMode, DiscardMode, boolean, boolean, boolean, String)[11]" classname="com.ava.digitaldeck.TurnActionPolicyTest" time="0.001"/>
  <testcase name="permitDraw(GameMode, DiscardMode, boolean, boolean, boolean, String)[12]" classname="com.ava.digitaldeck.TurnActionPolicyTest" time="0.002"/>
  <testcase name="permitPlay(PlayMode, boolean, boolean, String)[1]" classname="com.ava.digitaldeck.TurnActionPolicyTest" time="0.004"/>
  <testcase name="permitPlay(PlayMode, boolean, boolean, String)[2]" classname="com.ava.digitaldeck.TurnActionPolicyTest" time="0.001"/>
  <testcase name="permitPlay(PlayMode, boolean, boolean, String)[3]" classname="com.ava.digitaldeck.TurnActionPolicyTest" time="0.001"/>
  <testcase name="permitPlay(PlayMode, boolean, boolean, String)[4]" classname="com.ava.digitaldeck.TurnActionPolicyTest" time="0.001"/>
  <testcase name="permitPlay(PlayMode, boolean, boolean, String)[5]" classname="com.ava.digitaldeck.TurnActionPolicyTest" time="0.001"/>
  <testcase name="permitPlay(PlayMode, boolean, boolean, String)[6]" classname="com.ava.digitaldeck.TurnActionPolicyTest" time="0.001"/>
  <testcase name="permitDiscard(DiscardMode, GameMode, boolean, boolean, boolean, String)[1]" classname="com.ava.digitaldeck.TurnActionPolicyTest" time="0.002"/>
  <testcase name="permitDiscard(DiscardMode, GameMode, boolean, boolean, boolean, String)[2]" classname="com.ava.digitaldeck.TurnActionPolicyTest" time="0.001"/>
  <testcase name="permitDiscard(DiscardMode, GameMode, boolean, boolean, boolean, String)[3]" classname="com.ava.digitaldeck.TurnActionPolicyTest" time="0.0"/>
  <testcase name="permitDiscard(DiscardMode, GameMode, boolean, boolean, boolean, String)[4]" classname="com.ava.digitaldeck.TurnActionPolicyTest" time="0.001"/>
  <testcase name="permitDiscard(DiscardMode, GameMode, boolean, boolean, boolean, String)[5]" classname="com.ava.digitaldeck.TurnActionPolicyTest" time="0.001"/>
  <testcase name="permitDiscard(DiscardMode, GameMode, boolean, boolean, boolean, String)[6]" classname="com.ava.digitaldeck.TurnActionPolicyTest" time="0.001"/>
  <testcase name="permitDiscard(DiscardMode, GameMode, boolean, boolean, boolean, String)[7]" classname="com.ava.digitaldeck.TurnActionPolicyTest" time="0.001"/>
  <testcase name="permitDiscard(DiscardMode, GameMode, boolean, boolean, boolean, String)[8]" classname="com.ava.digitaldeck.TurnActionPolicyTest" time="0.001"/>
  <testcase name="permitDiscard(DiscardMode, GameMode, boolean, boolean, boolean, String)[9]" classname="com.ava.digitaldeck.TurnActionPolicyTest" time="0.001"/>
  <testcase name="permitDiscard(DiscardMode, GameMode, boolean, boolean, boolean, String)[10]" classname="com.ava.digitaldeck.TurnActionPolicyTest" time="0.001"/>
  <testcase name="permitDiscard(DiscardMode, GameMode, boolean, boolean, boolean, String)[11]" classname="com.ava.digitaldeck.TurnActionPolicyTest" time="0.0"/>
  <testcase name="permitDiscard(DiscardMode, GameMode, boolean, boolean, boolean, String)[12]" classname="com.ava.digitaldeck.TurnActionPolicyTest" time="0.001"/>
</testsuite>